{"ts": "2026-01-06T21:56:58Z", "trace_id": "7b8110c0d457445c9aadb0ee16bb3618", "severity": "INFO", "event": "web.request", "ip": "testclient", "endpoint": "/v1/message", "outcome": "received", "details": {"method": "POST", "client_id": ""}}
{"ts": "2026-01-06T21:56:58Z", "trace_id": "7b8110c0d457445c9aadb0ee16bb3618", "severity": "WARN", "event": "web.auth_failed", "ip": "testclient", "endpoint": "/v1/message", "outcome": "denied", "details": {"reason": "missing", "client_id": "", "required_scope": "message"}}
{"ts": "2026-01-06T21:56:58Z", "trace_id": "09ba24d52864493a89c3eb0dd4c69965", "severity": "INFO", "event": "web.request", "ip": "testclient", "endpoint": "/v1/message", "outcome": "received", "details": {"method": "POST", "client_id": ""}}
{"ts": "2026-01-06T21:56:58Z", "trace_id": "09ba24d52864493a89c3eb0dd4c69965", "severity": "WARN", "event": "web.auth_failed", "ip": "testclient", "endpoint": "/v1/message", "outcome": "denied", "details": {"reason": "invalid", "client_id": "", "required_scope": "message"}}
{"ts": "2026-01-06T21:56:58Z", "trace_id": "df72f283b7294d0697ece5686eddd08a", "severity": "INFO", "event": "web.request", "ip": "testclient", "endpoint": "/v1/message", "outcome": "received", "details": {"method": "POST", "client_id": ""}}
{"ts": "2026-01-06T21:56:58Z", "trace_id": "df72f283b7294d0697ece5686eddd08a", "severity": "INFO", "event": "web.response", "ip": "testclient", "endpoint": "/v1/message", "outcome": "200", "details": {"key_id": "d62f46fc6f3742ca", "client_id": ""}}
{"ts": "2026-01-06T21:56:58Z", "trace_id": "ff9ce08cc23e4e2ba2011c2973511ed3", "severity": "INFO", "event": "web.request", "ip": "testclient", "endpoint": "/v1/status", "outcome": "received", "details": {"method": "GET", "client_id": ""}}
{"ts": "2026-01-06T21:56:58Z", "trace_id": "ff9ce08cc23e4e2ba2011c2973511ed3", "severity": "WARN", "event": "web.auth_failed", "ip": "testclient", "endpoint": "/v1/status", "outcome": "denied", "details": {"reason": "invalid", "client_id": "", "required_scope": "read"}}
{"ts": "2026-01-06T21:56:58Z", "trace_id": "4cdfc5df703947488b6c75f4383071ea", "severity": "INFO", "event": "web.request", "ip": "testclient", "endpoint": "/v1/status", "outcome": "received", "details": {"method": "GET", "client_id": ""}}
{"ts": "2026-01-06T21:56:58Z", "trace_id": "4cdfc5df703947488b6c75f4383071ea", "severity": "WARN", "event": "web.auth_failed", "ip": "testclient", "endpoint": "/v1/status", "outcome": "denied", "details": {"reason": "revoked", "client_id": "", "required_scope": "read"}}
{"ts": "2026-01-06T21:56:58Z", "trace_id": "9a6c24734575445bbc4c24edff3bfb2a", "severity": "INFO", "event": "web.request", "ip": "testclient", "endpoint": "/v1/message", "outcome": "received", "details": {"method": "POST", "client_id": ""}}
{"ts": "2026-01-06T21:56:58Z", "trace_id": "9a6c24734575445bbc4c24edff3bfb2a", "severity": "INFO", "event": "web.response", "ip": "testclient", "endpoint": "/v1/message", "outcome": "200", "details": {"key_id": "74837f3fc6d8ad57", "client_id": ""}}
{"ts": "2026-01-06T21:56:58Z", "trace_id": "938a4b9dba124e0697742f74beb734a7", "severity": "INFO", "event": "web.request", "ip": "testclient", "endpoint": "/v1/message", "outcome": "received", "details": {"method": "POST", "client_id": ""}}
{"ts": "2026-01-06T21:56:58Z", "trace_id": "938a4b9dba124e0697742f74beb734a7", "severity": "INFO", "event": "web.response", "ip": "testclient", "endpoint": "/v1/message", "outcome": "200", "details": {"key_id": "74837f3fc6d8ad57", "client_id": ""}}
{"ts": "2026-01-06T21:56:58Z", "trace_id": "39b1b95fb36c4a489fbf9c632f181744", "severity": "INFO", "event": "web.request", "ip": "testclient", "endpoint": "/v1/message", "outcome": "received", "details": {"method": "POST", "client_id": ""}}
{"ts": "2026-01-06T21:56:58Z", "trace_id": "39b1b95fb36c4a489fbf9c632f181744", "severity": "WARN", "event": "web.rate_limited", "ip": "testclient", "endpoint": "/v1/message", "outcome": "429", "details": {"scope": "key_message", "key_id": "74837f3fc6d8ad57"}}
{"ts": "2026-01-06T21:56:58Z", "trace_id": "7907c9ca0c0246f086f6801a6ff850b6", "severity": "INFO", "event": "web.request", "ip": "testclient", "endpoint": "/v1/status", "outcome": "received", "details": {"method": "GET", "client_id": ""}}
{"ts": "2026-01-06T21:56:58Z", "trace_id": "7907c9ca0c0246f086f6801a6ff850b6", "severity": "WARN", "event": "web.auth_failed", "ip": "testclient", "endpoint": "/v1/status", "outcome": "denied", "details": {"reason": "invalid", "client_id": "", "required_scope": "read"}}
{"ts": "2026-01-06T21:56:58Z", "trace_id": "0fd1cb3aca9f4e9bbaeabe5812823ecd", "severity": "INFO", "event": "web.request", "ip": "testclient", "endpoint": "/v1/status", "outcome": "received", "details": {"method": "GET", "client_id": ""}}
{"ts": "2026-01-06T21:56:58Z", "trace_id": "0fd1cb3aca9f4e9bbaeabe5812823ecd", "severity": "WARN", "event": "web.auth_failed", "ip": "testclient", "endpoint": "/v1/status", "outcome": "denied", "details": {"reason": "invalid", "client_id": "", "required_scope": "read"}}
{"ts": "2026-01-06T21:56:58Z", "trace_id": "90a7ff58d21347b8bae73f06602c9186", "severity": "INFO", "event": "web.request", "ip": "testclient", "endpoint": "/v1/status", "outcome": "received", "details": {"method": "GET", "client_id": ""}}
{"ts": "2026-01-06T21:56:58Z", "trace_id": "90a7ff58d21347b8bae73f06602c9186", "severity": "WARN", "event": "web.lockout", "ip": "testclient", "endpoint": "/v1/status", "outcome": "blocked", "details": {"target": "ip"}}
{"ts": "2026-01-06T21:56:59Z", "trace_id": "f0d78d9e2fc84c5e9ec471cb4816c079", "severity": "INFO", "event": "web.request", "ip": "testclient", "endpoint": "/v1/admin/unlock", "outcome": "received", "details": {"method": "POST", "client_id": ""}}
{"ts": "2026-01-06T21:56:59Z", "trace_id": "f0d78d9e2fc84c5e9ec471cb4816c079", "severity": "INFO", "event": "web.response", "ip": "testclient", "endpoint": "/v1/admin/unlock", "outcome": "403", "details": {"key_id": "3dace4b3bd34e597", "client_id": ""}}
{"ts": "2026-01-06T21:56:59Z", "trace_id": "ce436ce7e580411f8b2d0a58c06158cf", "severity": "INFO", "event": "web.request", "ip": "testclient", "endpoint": "/v1/message", "outcome": "received", "details": {"method": "POST", "client_id": ""}}
{"ts": "2026-01-06T21:56:59Z", "trace_id": "ce436ce7e580411f8b2d0a58c06158cf", "severity": "WARN", "event": "web.request_rejected", "ip": "testclient", "endpoint": "/v1/message", "outcome": "rejected", "details": {"reason": "request too large"}}
{"ts": "2026-01-06T22:54:28Z", "trace_id": "963689f25f35419c842c91ae05fdc154", "severity": "INFO", "event": "web.request", "ip": "testclient", "endpoint": "/v1/message", "outcome": "received", "details": {"method": "POST", "client_id": ""}}
{"ts": "2026-01-06T22:54:28Z", "trace_id": "963689f25f35419c842c91ae05fdc154", "severity": "WARN", "event": "web.auth_failed", "ip": "testclient", "endpoint": "/v1/message", "outcome": "denied", "details": {"reason": "missing", "client_id": "", "required_scope": "message"}}
{"ts": "2026-01-06T22:54:28Z", "trace_id": "82a753f9bb4549debd930fb337f84535", "severity": "INFO", "event": "web.request", "ip": "testclient", "endpoint": "/v1/message", "outcome": "received", "details": {"method": "POST", "client_id": ""}}
{"ts": "2026-01-06T22:54:28Z", "trace_id": "82a753f9bb4549debd930fb337f84535", "severity": "WARN", "event": "web.auth_failed", "ip": "testclient", "endpoint": "/v1/message", "outcome": "denied", "details": {"reason": "invalid", "client_id": "", "required_scope": "message"}}
{"ts": "2026-01-06T22:54:28Z", "trace_id": "9ac2a5264ba242f2906af05779c57f8d", "severity": "INFO", "event": "web.request", "ip": "testclient", "endpoint": "/v1/message", "outcome": "received", "details": {"method": "POST", "client_id": ""}}
{"ts": "2026-01-06T22:54:28Z", "trace_id": "9ac2a5264ba242f2906af05779c57f8d", "severity": "INFO", "event": "web.response", "ip": "testclient", "endpoint": "/v1/message", "outcome": "200", "details": {"key_id": "85677f69fa9ef16d", "client_id": ""}}
{"ts": "2026-01-06T22:54:28Z", "trace_id": "3ba441b1f3864099bec6dff307872d11", "severity": "INFO", "event": "web.request", "ip": "testclient", "endpoint": "/v1/status", "outcome": "received", "details": {"method": "GET", "client_id": ""}}
{"ts": "2026-01-06T22:54:28Z", "trace_id": "3ba441b1f3864099bec6dff307872d11", "severity": "WARN", "event": "web.auth_failed", "ip": "testclient", "endpoint": "/v1/status", "outcome": "denied", "details": {"reason": "invalid", "client_id": "", "required_scope": "read"}}
{"ts": "2026-01-06T22:54:28Z", "trace_id": "e89b45bb8f194e109fa2f3192205e750", "severity": "INFO", "event": "web.request", "ip": "testclient", "endpoint": "/v1/status", "outcome": "received", "details": {"method": "GET", "client_id": ""}}
{"ts": "2026-01-06T22:54:28Z", "trace_id": "e89b45bb8f194e109fa2f3192205e750", "severity": "WARN", "event": "web.auth_failed", "ip": "testclient", "endpoint": "/v1/status", "outcome": "denied", "details": {"reason": "revoked", "client_id": "", "required_scope": "read"}}
{"ts": "2026-01-06T22:54:28Z", "trace_id": "eaca825a04ae4700a848c9b0f46d7814", "severity": "INFO", "event": "web.request", "ip": "testclient", "endpoint": "/v1/message", "outcome": "received", "details": {"method": "POST", "client_id": ""}}
{"ts": "2026-01-06T22:54:28Z", "trace_id": "eaca825a04ae4700a848c9b0f46d7814", "severity": "INFO", "event": "web.response", "ip": "testclient", "endpoint": "/v1/message", "outcome": "200", "details": {"key_id": "43c65ce6026ca62d", "client_id": ""}}
{"ts": "2026-01-06T22:54:28Z", "trace_id": "effdb8553a3d4d298152163b54544746", "severity": "INFO", "event": "web.request", "ip": "testclient", "endpoint": "/v1/message", "outcome": "received", "details": {"method": "POST", "client_id": ""}}
{"ts": "2026-01-06T22:54:28Z", "trace_id": "effdb8553a3d4d298152163b54544746", "severity": "INFO", "event": "web.response", "ip": "testclient", "endpoint": "/v1/message", "outcome": "200", "details": {"key_id": "43c65ce6026ca62d", "client_id": ""}}
{"ts": "2026-01-06T22:54:28Z", "trace_id": "5a5d3e66e7af4915be9ca5aa0179aa54", "severity": "INFO", "event": "web.request", "ip": "testclient", "endpoint": "/v1/message", "outcome": "received", "details": {"method": "POST", "client_id": ""}}
{"ts": "2026-01-06T22:54:28Z", "trace_id": "5a5d3e66e7af4915be9ca5aa0179aa54", "severity": "WARN", "event": "web.rate_limited", "ip": "testclient", "endpoint": "/v1/message", "outcome": "429", "details": {"scope": "key_message", "key_id": "43c65ce6026ca62d"}}
{"ts": "2026-01-06T22:54:28Z", "trace_id": "aa612f554d054735a5bd4cf9fa118035", "severity": "INFO", "event": "web.request", "ip": "testclient", "endpoint": "/v1/status", "outcome": "received", "details": {"method": "GET", "client_id": ""}}
{"ts": "2026-01-06T22:54:28Z", "trace_id": "aa612f554d054735a5bd4cf9fa118035", "severity": "WARN", "event": "web.auth_failed", "ip": "testclient", "endpoint": "/v1/status", "outcome": "denied", "details": {"reason": "invalid", "client_id": "", "required_scope": "read"}}
{"ts": "2026-01-06T22:54:28Z", "trace_id": "540dab04eaa74400b60f22b23c462244", "severity": "INFO", "event": "web.request", "ip": "testclient", "endpoint": "/v1/status", "outcome": "received", "details": {"method": "GET", "client_id": ""}}
{"ts": "2026-01-06T22:54:28Z", "trace_id": "540dab04eaa74400b60f22b23c462244", "severity": "WARN", "event": "web.auth_failed", "ip": "testclient", "endpoint": "/v1/status", "outcome": "denied", "details": {"reason": "invalid", "client_id": "", "required_scope": "read"}}
{"ts": "2026-01-06T22:54:28Z", "trace_id": "a51aaddc40954b3eae86395d2c87aa10", "severity": "INFO", "event": "web.request", "ip": "testclient", "endpoint": "/v1/status", "outcome": "received", "details": {"method": "GET", "client_id": ""}}
{"ts": "2026-01-06T22:54:28Z", "trace_id": "a51aaddc40954b3eae86395d2c87aa10", "severity": "WARN", "event": "web.lockout", "ip": "testclient", "endpoint": "/v1/status", "outcome": "blocked", "details": {"target": "ip"}}
{"ts": "2026-01-06T22:54:28Z", "trace_id": "99db1447291f41bd9ef8cd253511c7a1", "severity": "INFO", "event": "web.request", "ip": "testclient", "endpoint": "/v1/admin/unlock", "outcome": "received", "details": {"method": "POST", "client_id": ""}}
{"ts": "2026-01-06T22:54:28Z", "trace_id": "99db1447291f41bd9ef8cd253511c7a1", "severity": "INFO", "event": "web.response", "ip": "testclient", "endpoint": "/v1/admin/unlock", "outcome": "403", "details": {"key_id": "78d62138cbffadcc", "client_id": ""}}
{"ts": "2026-01-06T22:54:28Z", "trace_id": "46423b52044e41a8b59eee60d44ebfa5", "severity": "INFO", "event": "web.request", "ip": "testclient", "endpoint": "/v1/message", "outcome": "received", "details": {"method": "POST", "client_id": ""}}
{"ts": "2026-01-06T22:54:28Z", "trace_id": "46423b52044e41a8b59eee60d44ebfa5", "severity": "WARN", "event": "web.request_rejected", "ip": "testclient", "endpoint": "/v1/message", "outcome": "rejected", "details": {"reason": "request too large"}}
{"ts": "2026-01-06T22:55:37Z", "trace_id": "513c8f8d60d944fda8c4383bbef68fad", "severity": "INFO", "event": "web.request", "ip": "testclient", "endpoint": "/v1/message", "outcome": "received", "details": {"method": "POST", "client_id": ""}}
{"ts": "2026-01-06T22:55:37Z", "trace_id": "513c8f8d60d944fda8c4383bbef68fad", "severity": "WARN", "event": "web.auth_failed", "ip": "testclient", "endpoint": "/v1/message", "outcome": "denied", "details": {"reason": "missing", "client_id": "", "required_scope": "message"}}
{"ts": "2026-01-06T22:55:37Z", "trace_id": "856eced7b7e949e198aa4878075248c5", "severity": "INFO", "event": "web.request", "ip": "testclient", "endpoint": "/v1/message", "outcome": "received", "details": {"method": "POST", "client_id": ""}}
{"ts": "2026-01-06T22:55:37Z", "trace_id": "856eced7b7e949e198aa4878075248c5", "severity": "WARN", "event": "web.auth_failed", "ip": "testclient", "endpoint": "/v1/message", "outcome": "denied", "details": {"reason": "invalid", "client_id": "", "required_scope": "message"}}
{"ts": "2026-01-06T22:55:37Z", "trace_id": "9d9ecaaefa5c48fab522f3ab56be68dd", "severity": "INFO", "event": "web.request", "ip": "testclient", "endpoint": "/v1/message", "outcome": "received", "details": {"method": "POST", "client_id": ""}}
{"ts": "2026-01-06T22:55:37Z", "trace_id": "9d9ecaaefa5c48fab522f3ab56be68dd", "severity": "INFO", "event": "web.response", "ip": "testclient", "endpoint": "/v1/message", "outcome": "200", "details": {"key_id": "931b3dabe3b23d59", "client_id": ""}}
{"ts": "2026-01-06T22:55:37Z", "trace_id": "2ef371565256495780bda5da79f03988", "severity": "INFO", "event": "web.request", "ip": "testclient", "endpoint": "/v1/status", "outcome": "received", "details": {"method": "GET", "client_id": ""}}
{"ts": "2026-01-06T22:55:37Z", "trace_id": "2ef371565256495780bda5da79f03988", "severity": "WARN", "event": "web.auth_failed", "ip": "testclient", "endpoint": "/v1/status", "outcome": "denied", "details": {"reason": "invalid", "client_id": "", "required_scope": "read"}}
{"ts": "2026-01-06T22:55:37Z", "trace_id": "130ef0dc28384a4c86c0aec4c3d1c44b", "severity": "INFO", "event": "web.request", "ip": "testclient", "endpoint": "/v1/status", "outcome": "received", "details": {"method": "GET", "client_id": ""}}
{"ts": "2026-01-06T22:55:37Z", "trace_id": "130ef0dc28384a4c86c0aec4c3d1c44b", "severity": "WARN", "event": "web.auth_failed", "ip": "testclient", "endpoint": "/v1/status", "outcome": "denied", "details": {"reason": "revoked", "client_id": "", "required_scope": "read"}}
{"ts": "2026-01-06T22:55:37Z", "trace_id": "a6bc6ce59eca4a698311c58597250471", "severity": "INFO", "event": "web.request", "ip": "testclient", "endpoint": "/v1/message", "outcome": "received", "details": {"method": "POST", "client_id": ""}}
{"ts": "2026-01-06T22:55:37Z", "trace_id": "a6bc6ce59eca4a698311c58597250471", "severity": "INFO", "event": "web.response", "ip": "testclient", "endpoint": "/v1/message", "outcome": "200", "details": {"key_id": "498762387ab41fba", "client_id": ""}}
{"ts": "2026-01-06T22:55:37Z", "trace_id": "f10dc852610c40109d02bee31bda50b4", "severity": "INFO", "event": "web.request", "ip": "testclient", "endpoint": "/v1/message", "outcome": "received", "details": {"method": "POST", "client_id": ""}}
{"ts": "2026-01-06T22:55:37Z", "trace_id": "f10dc852610c40109d02bee31bda50b4", "severity": "INFO", "event": "web.response", "ip": "testclient", "endpoint": "/v1/message", "outcome": "200", "details": {"key_id": "498762387ab41fba", "client_id": ""}}
{"ts": "2026-01-06T22:55:37Z", "trace_id": "30344cfd926d430baac60418e2624bea", "severity": "INFO", "event": "web.request", "ip": "testclient", "endpoint": "/v1/message", "outcome": "received", "details": {"method": "POST", "client_id": ""}}
{"ts": "2026-01-06T22:55:37Z", "trace_id": "30344cfd926d430baac60418e2624bea", "severity": "WARN", "event": "web.rate_limited", "ip": "testclient", "endpoint": "/v1/message", "outcome": "429", "details": {"scope": "key_message", "key_id": "498762387ab41fba"}}
{"ts": "2026-01-06T22:55:37Z", "trace_id": "ddb1c250fbab4369b20a9890d8a2d1f3", "severity": "INFO", "event": "web.request", "ip": "testclient", "endpoint": "/v1/status", "outcome": "received", "details": {"method": "GET", "client_id": ""}}
{"ts": "2026-01-06T22:55:37Z", "trace_id": "ddb1c250fbab4369b20a9890d8a2d1f3", "severity": "WARN", "event": "web.auth_failed", "ip": "testclient", "endpoint": "/v1/status", "outcome": "denied", "details": {"reason": "invalid", "client_id": "", "required_scope": "read"}}
{"ts": "2026-01-06T22:55:37Z", "trace_id": "91546333bb5149469a14c0aebf829a06", "severity": "INFO", "event": "web.request", "ip": "testclient", "endpoint": "/v1/status", "outcome": "received", "details": {"method": "GET", "client_id": ""}}
{"ts": "2026-01-06T22:55:37Z", "trace_id": "91546333bb5149469a14c0aebf829a06", "severity": "WARN", "event": "web.auth_failed", "ip": "testclient", "endpoint": "/v1/status", "outcome": "denied", "details": {"reason": "invalid", "client_id": "", "required_scope": "read"}}
{"ts": "2026-01-06T22:55:37Z", "trace_id": "585c413583e04f8e86fcd7e38f393480", "severity": "INFO", "event": "web.request", "ip": "testclient", "endpoint": "/v1/status", "outcome": "received", "details": {"method": "GET", "client_id": ""}}
{"ts": "2026-01-06T22:55:37Z", "trace_id": "585c413583e04f8e86fcd7e38f393480", "severity": "WARN", "event": "web.lockout", "ip": "testclient", "endpoint": "/v1/status", "outcome": "blocked", "details": {"target": "ip"}}
{"ts": "2026-01-06T22:55:37Z", "trace_id": "93d946a083674fe1a3d9d8f803d4fc4d", "severity": "INFO", "event": "web.request", "ip": "testclient", "endpoint": "/v1/admin/unlock", "outcome": "received", "details": {"method": "POST", "client_id": ""}}
{"ts": "2026-01-06T22:55:37Z", "trace_id": "93d946a083674fe1a3d9d8f803d4fc4d", "severity": "INFO", "event": "web.response", "ip": "testclient", "endpoint": "/v1/admin/unlock", "outcome": "403", "details": {"key_id": "3be24c43ef27d416", "client_id": ""}}
{"ts": "2026-01-06T22:55:37Z", "trace_id": "f612f0ef36c34cb39776c48bf0c12ad0", "severity": "INFO", "event": "web.request", "ip": "testclient", "endpoint": "/v1/message", "outcome": "received", "details": {"method": "POST", "client_id": ""}}
{"ts": "2026-01-06T22:55:37Z", "trace_id": "f612f0ef36c34cb39776c48bf0c12ad0", "severity": "WARN", "event": "web.request_rejected", "ip": "testclient", "endpoint": "/v1/message", "outcome": "rejected", "details": {"reason": "request too large"}}
{"ts": "2026-01-06T22:56:07Z", "trace_id": "d9f003006f2b4859b3e89605313aaccb", "severity": "INFO", "event": "web.request", "ip": "testclient", "endpoint": "/v1/message", "outcome": "received", "details": {"method": "POST", "client_id": ""}}
{"ts": "2026-01-06T22:56:07Z", "trace_id": "d9f003006f2b4859b3e89605313aaccb", "severity": "WARN", "event": "web.auth_failed", "ip": "testclient", "endpoint": "/v1/message", "outcome": "denied", "details": {"reason": "missing", "client_id": "", "required_scope": "message"}}
{"ts": "2026-01-06T22:56:07Z", "trace_id": "0e689fb7ce5d4de882f636ac3ce701d0", "severity": "INFO", "event": "web.request", "ip": "testclient", "endpoint": "/v1/message", "outcome": "received", "details": {"method": "POST", "client_id": ""}}
{"ts": "2026-01-06T22:56:07Z", "trace_id": "0e689fb7ce5d4de882f636ac3ce701d0", "severity": "WARN", "event": "web.auth_failed", "ip": "testclient", "endpoint": "/v1/message", "outcome": "denied", "details": {"reason": "invalid", "client_id": "", "required_scope": "message"}}
{"ts": "2026-01-06T22:56:07Z", "trace_id": "2615d5421f0d4725bd666ad8f570d613", "severity": "INFO", "event": "web.request", "ip": "testclient", "endpoint": "/v1/message", "outcome": "received", "details": {"method": "POST", "client_id": ""}}
{"ts": "2026-01-06T22:56:07Z", "trace_id": "2615d5421f0d4725bd666ad8f570d613", "severity": "INFO", "event": "web.response", "ip": "testclient", "endpoint": "/v1/message", "outcome": "200", "details": {"key_id": "8f096dbf4dfe7707", "client_id": ""}}
{"ts": "2026-01-06T22:56:07Z", "trace_id": "61a3f5ef9d6e4130ba2918e8911eb4f5", "severity": "INFO", "event": "web.request", "ip": "testclient", "endpoint": "/v1/status", "outcome": "received", "details": {"method": "GET", "client_id": ""}}
{"ts": "2026-01-06T22:56:07Z", "trace_id": "61a3f5ef9d6e4130ba2918e8911eb4f5", "severity": "WARN", "event": "web.auth_failed", "ip": "testclient", "endpoint": "/v1/status", "outcome": "denied", "details": {"reason": "invalid", "client_id": "", "required_scope": "read"}}
{"ts": "2026-01-06T22:56:07Z", "trace_id": "ea836abd1341456e8bb3eb4fa23acab8", "severity": "INFO", "event": "web.request", "ip": "testclient", "endpoint": "/v1/status", "outcome": "received", "details": {"method": "GET", "client_id": ""}}
{"ts": "2026-01-06T22:56:07Z", "trace_id": "ea836abd1341456e8bb3eb4fa23acab8", "severity": "WARN", "event": "web.auth_failed", "ip": "testclient", "endpoint": "/v1/status", "outcome": "denied", "details": {"reason": "revoked", "client_id": "", "required_scope": "read"}}
{"ts": "2026-01-06T22:56:07Z", "trace_id": "36baaa0e42f447adb503cb518fecde69", "severity": "INFO", "event": "web.request", "ip": "testclient", "endpoint": "/v1/message", "outcome": "received", "details": {"method": "POST", "client_id": ""}}
{"ts": "2026-01-06T22:56:07Z", "trace_id": "36baaa0e42f447adb503cb518fecde69", "severity": "INFO", "event": "web.response", "ip": "testclient", "endpoint": "/v1/message", "outcome": "200", "details": {"key_id": "7d29e6b794af6ecc", "client_id": ""}}
{"ts": "2026-01-06T22:56:07Z", "trace_id": "b6530da3871942e68b2fd5cf20623fbe", "severity": "INFO", "event": "web.request", "ip": "testclient", "endpoint": "/v1/message", "outcome": "received", "details": {"method": "POST", "client_id": ""}}
{"ts": "2026-01-06T22:56:07Z", "trace_id": "b6530da3871942e68b2fd5cf20623fbe", "severity": "INFO", "event": "web.response", "ip": "testclient", "endpoint": "/v1/message", "outcome": "200", "details": {"key_id": "7d29e6b794af6ecc", "client_id": ""}}
{"ts": "2026-01-06T22:56:07Z", "trace_id": "782d4465c7c0426dba4f5763443a3b05", "severity": "INFO", "event": "web.request", "ip": "testclient", "endpoint": "/v1/message", "outcome": "received", "details": {"method": "POST", "client_id": ""}}
{"ts": "2026-01-06T22:56:07Z", "trace_id": "782d4465c7c0426dba4f5763443a3b05", "severity": "WARN", "event": "web.rate_limited", "ip": "testclient", "endpoint": "/v1/message", "outcome": "429", "details": {"scope": "key_message", "key_id": "7d29e6b794af6ecc"}}
{"ts": "2026-01-06T22:56:07Z", "trace_id": "94b105f9b5e848f0813cca629d526290", "severity": "INFO", "event": "web.request", "ip": "testclient", "endpoint": "/v1/status", "outcome": "received", "details": {"method": "GET", "client_id": ""}}
{"ts": "2026-01-06T22:56:07Z", "trace_id": "94b105f9b5e848f0813cca629d526290", "severity": "WARN", "event": "web.auth_failed", "ip": "testclient", "endpoint": "/v1/status", "outcome": "denied", "details": {"reason": "invalid", "client_id": "", "required_scope": "read"}}
{"ts": "2026-01-06T22:56:07Z", "trace_id": "264bdcdf0af7454d9f5612a7bcc3474e", "severity": "INFO", "event": "web.request", "ip": "testclient", "endpoint": "/v1/status", "outcome": "received", "details": {"method": "GET", "client_id": ""}}
{"ts": "2026-01-06T22:56:07Z", "trace_id": "264bdcdf0af7454d9f5612a7bcc3474e", "severity": "WARN", "event": "web.auth_failed", "ip": "testclient", "endpoint": "/v1/status", "outcome": "denied", "details": {"reason": "invalid", "client_id": "", "required_scope": "read"}}
{"ts": "2026-01-06T22:56:07Z", "trace_id": "d643e286fd134ce580e79189b55b43bf", "severity": "INFO", "event": "web.request", "ip": "testclient", "endpoint": "/v1/status", "outcome": "received", "details": {"method": "GET", "client_id": ""}}
{"ts": "2026-01-06T22:56:07Z", "trace_id": "d643e286fd134ce580e79189b55b43bf", "severity": "WARN", "event": "web.lockout", "ip": "testclient", "endpoint": "/v1/status", "outcome": "blocked", "details": {"target": "ip"}}
{"ts": "2026-01-06T22:56:07Z", "trace_id": "6a361824eaf648809335ef319e549b33", "severity": "INFO", "event": "web.request", "ip": "testclient", "endpoint": "/v1/admin/unlock", "outcome": "received", "details": {"method": "POST", "client_id": ""}}
{"ts": "2026-01-06T22:56:07Z", "trace_id": "6a361824eaf648809335ef319e549b33", "severity": "INFO", "event": "web.response", "ip": "testclient", "endpoint": "/v1/admin/unlock", "outcome": "403", "details": {"key_id": "982543c6759ca97e", "client_id": ""}}
{"ts": "2026-01-06T22:56:07Z", "trace_id": "a1211ecadfb14c8797a6740399b9d399", "severity": "INFO", "event": "web.request", "ip": "testclient", "endpoint": "/v1/message", "outcome": "received", "details": {"method": "POST", "client_id": ""}}
{"ts": "2026-01-06T22:56:07Z", "trace_id": "a1211ecadfb14c8797a6740399b9d399", "severity": "WARN", "event": "web.request_rejected", "ip": "testclient", "endpoint": "/v1/message", "outcome": "rejected", "details": {"reason": "request too large"}}
